\BOOKMARK [1][-]{section.1}{Introduction}{}% 1
\BOOKMARK [1][-]{section.2}{Kernel Approximation Error for LP-RFF}{}% 2
\BOOKMARK [2][-]{subsection.2.1}{Kernel Approximation Variance Analysis}{section.2}% 3
\BOOKMARK [3][-]{subsubsection.2.1.1}{Further analysis of variance}{subsection.2.1}% 4
\BOOKMARK [2][-]{subsection.2.2}{Spectrum of Low-Precision RFF}{section.2}% 5
\BOOKMARK [1][-]{section.3}{Generalization Performance of Low-Precision RFF}{}% 6
\BOOKMARK [2][-]{subsection.3.1}{``Deterministic'' Quantization Functions}{section.3}% 7
\BOOKMARK [2][-]{subsection.3.2}{Effect of quantization noise at test time}{section.3}% 8
\BOOKMARK [2][-]{subsection.3.3}{Fixed Design Kernel Ridge Regression}{section.3}% 9
\BOOKMARK [2][-]{subsection.3.4}{When is it safe to use low precision?}{section.3}% 10
\BOOKMARK [2][-]{subsection.3.5}{Generalizatio bound using -log-spectral distance}{section.3}% 11
\BOOKMARK [1][-]{section.4}{Training a model using low-precision random features}{}% 12
\BOOKMARK [2][-]{subsection.4.1}{Computing the low-precision random features}{section.4}% 13
\BOOKMARK [1][-]{section.5}{Experiments}{}% 14
\BOOKMARK [2][-]{subsection.5.1}{Kernel Ridge Regression}{section.5}% 15
\BOOKMARK [3][-]{subsubsection.5.1.1}{Kernel approximation error and validation L2 loss}{subsection.5.1}% 16
\BOOKMARK [3][-]{subsubsection.5.1.2}{Spectrum of kernel matrix correlates with L2 loss}{subsection.5.1}% 17
\BOOKMARK [3][-]{subsubsection.5.1.3}{Effect of independent quantization of RFF matrix and its transpose}{subsection.5.1}% 18
\BOOKMARK [3][-]{subsubsection.5.1.4}{Effect of reducing variance in test sample features}{subsection.5.1}% 19
\BOOKMARK [1][-]{section.6}{Future Directions}{}% 20
\BOOKMARK [1][-]{section.7}{References}{}% 21
